{
  "0 debug pnpm:scope": {
    "selected": 1
  },
  "1 debug pnpm": {
    "isCaseSensitive": true,
    "store": "/home/ivaneyvieira/.pnpm-store/2"
  },
  "2 info pnpm": {
    "message": "Using hooks from: /home/ivaneyvieira/git/devFornecedor/pnpmfile.js",
    "prefix": "/home/ivaneyvieira/git/devFornecedor"
  },
  "3 info pnpm": {
    "message": "readPackage hook is declared. Manifests of dependencies might get overridden",
    "prefix": "/home/ivaneyvieira/git/devFornecedor"
  },
  "4 error pnpm": {
    "message": {
      "code": "ERR_PNPM_SHAMEFULLY_HOIST_NOT_WANTED"
    },
    "err": {
      "name": "Error",
      "message": "This \"node_modules\" folder was created without the --shamefully-hoist option. You must remove that option, or else \"pnpm install --force\" to recreate the \"node_modules\" folder.",
      "code": "ERR_PNPM_SHAMEFULLY_HOIST_NOT_WANTED",
      "stack": "Error: This \"node_modules\" folder was created without the --shamefully-hoist option. You must remove that option, or else \"pnpm install --force\" to recreate the \"node_modules\" folder.\n    at validateNodeModules (/home/ivaneyvieira/.vaadin/node_modules/pnpm/lib/node_modules/supi/lib/getContext/index.js:102:15)\n    at Object.getContext [as default] (/home/ivaneyvieira/.vaadin/node_modules/pnpm/lib/node_modules/supi/lib/getContext/index.js:20:15)\n    at processTicksAndRejections (internal/process/task_queues.js:97:5)\n    at async mutateModules (/home/ivaneyvieira/.vaadin/node_modules/pnpm/lib/node_modules/supi/lib/install/index.js:63:17)\n    at async Object.install (/home/ivaneyvieira/.vaadin/node_modules/pnpm/lib/node_modules/supi/lib/install/index.js:42:23)\n    at async Object.handler (/home/ivaneyvieira/.vaadin/node_modules/pnpm/lib/node_modules/@pnpm/plugin-commands-installation/lib/install.js:312:33)"
    }
  }
}